<?xml version="1.0" encoding="UTF-8"?>
<!-- Generated by org.testng.reporters.JUnitReportReporter -->
<testsuite hostname="MDS-WIN-PC01" failures="0" tests="4" name="auths.Noauth" time="6.493" errors="0" timestamp="2023-09-09T23:50:35 EDT" skipped="0">
  <testcase classname="auths.Noauth" name="putcall" time="0.433"/>
  <system-out/>
  <testcase classname="auths.Noauth" name="postcall" time="0.494"/>
  <system-out/>
  <testcase classname="auths.Noauth" name="deletecall" time="5.182"/>
  <system-out/>
  <testcase classname="auths.Noauth" name="getcall" time="0.384"/>
  <system-out/>
</testsuite> <!-- auths.Noauth -->
