<?xml version="1.0" encoding="UTF-8"?>
<!-- Generated by org.testng.reporters.JUnitReportReporter -->
<testsuite hostname="MDS-WIN-PC01" failures="0" tests="1" name="auths.BearerTest" time="5.180" errors="0" timestamp="2023-09-10T00:03:37 EDT" skipped="0">
  <testcase classname="auths.BearerTest" name="getcall" time="5.180"/>
  <system-out/>
</testsuite> <!-- auths.BearerTest -->
